IMLib/build/intermediates/manifest_merge_blame_file/debug/manifest-merger-blame-debug-report.txt
1<?xml version="1.0" encoding="utf-8"?>
2<manifest xmlns:android="http://schemas.android.com/apk/res/android"
3    package="io.rong.imlib"
4    android:versionCode="2019091718"
5    android:versionName="2.9.24 Stable" >
6
7    <uses-sdk
8        android:minSdkVersion="21"
8-->MyChat\IMLib\AndroidManifest.xml
9        android:targetSdkVersion="29" />
9-->MyChat\IMLib\AndroidManifest.xml
10
11    <!-- 保存图片，拍照等 -->
12    <uses-permission android:name="android.permission.WRITE_EXTERNAL_STORAGE" />
12-->MyChat\IMLib\AndroidManifest.xml:5:5-81
12-->MyChat\IMLib\AndroidManifest.xml:5:22-78
13    <!-- 网络 -->
14    <uses-permission android:name="android.permission.INTERNET" />
14-->MyChat\IMLib\AndroidManifest.xml:7:5-67
14-->MyChat\IMLib\AndroidManifest.xml:7:22-64
15    <uses-permission android:name="android.permission.ACCESS_NETWORK_STATE" />
15-->MyChat\IMLib\AndroidManifest.xml:8:5-79
15-->MyChat\IMLib\AndroidManifest.xml:8:22-76
16    <uses-permission android:name="android.permission.ACCESS_WIFI_STATE" />
16-->MyChat\IMLib\AndroidManifest.xml:9:5-76
16-->MyChat\IMLib\AndroidManifest.xml:9:22-73
17    <!-- 消息通道保活 -->
18    <uses-permission android:name="android.permission.WAKE_LOCK" />
18-->MyChat\IMLib\AndroidManifest.xml:11:5-68
18-->MyChat\IMLib\AndroidManifest.xml:11:22-65
19    <!-- 定位，如果您不需要定位相关的功能，可以删掉 -->
20    <uses-permission android:name="android.permission.ACCESS_FINE_LOCATION" />
20-->MyChat\IMLib\AndroidManifest.xml:13:5-79
20-->MyChat\IMLib\AndroidManifest.xml:13:22-76
21
22    <!-- k51hidwqk4yeb -->
23    <application>
23-->MyChat\IMLib\AndroidManifest.xml:15:5-65:19
24
25        <!-- imlib config begin -->
26        <meta-data
26-->MyChat\IMLib\AndroidManifest.xml:18:9-20:45
27            android:name="RONG_CLOUD_APP_KEY"
27-->MyChat\IMLib\AndroidManifest.xml:19:13-46
28            android:value="k51hidwqkvrcb" />
28-->MyChat\IMLib\AndroidManifest.xml:20:13-42
29
30        <service
30-->MyChat\IMLib\AndroidManifest.xml:23:9-26:38
31            android:name="io.rong.imlib.ipc.RongService"
31-->MyChat\IMLib\AndroidManifest.xml:24:13-57
32            android:exported="true"
32-->MyChat\IMLib\AndroidManifest.xml:25:13-36
33            android:process=":ipc" />
33-->MyChat\IMLib\AndroidManifest.xml:26:13-35
34
35        <receiver
35-->MyChat\IMLib\AndroidManifest.xml:28:9-30:39
36            android:name="io.rong.imlib.ConnectChangeReceiver"
36-->MyChat\IMLib\AndroidManifest.xml:29:13-63
37            android:exported="true" />
37-->MyChat\IMLib\AndroidManifest.xml:30:13-36
38        <receiver
38-->MyChat\IMLib\AndroidManifest.xml:32:9-34:38
39            android:name="io.rong.imlib.HeartbeatReceiver"
39-->MyChat\IMLib\AndroidManifest.xml:33:13-59
40            android:process=":ipc" />
40-->MyChat\IMLib\AndroidManifest.xml:34:13-35
41        <!-- imlib config end -->
42
43
44        <!-- 必选： SDK 核心功能 -->
45        <service
45-->MyChat\IMLib\AndroidManifest.xml:38:9-42:46
46            android:name="io.rong.push.rongpush.PushService"
46-->MyChat\IMLib\AndroidManifest.xml:39:13-61
47            android:exported="true"
47-->MyChat\IMLib\AndroidManifest.xml:40:13-36
48            android:permission="android.permission.BIND_JOB_SERVICE"
48-->MyChat\IMLib\AndroidManifest.xml:41:13-69
49            android:process="io.rong.push" />
49-->MyChat\IMLib\AndroidManifest.xml:42:13-43
50
51        <!-- push 相关事件接收器 -->
52        <receiver
52-->MyChat\IMLib\AndroidManifest.xml:45:9-60:20
53            android:name="io.rong.push.rongpush.PushReceiver"
53-->MyChat\IMLib\AndroidManifest.xml:46:13-62
54            android:process="io.rong.push" > <!-- 此处进程可以改名，名称需要和PushService所在进程统一 -->
54-->MyChat\IMLib\AndroidManifest.xml:47:13-43
55            <!-- 心跳事件和网络切换事件监听,必须 -->
56            <intent-filter>
56-->MyChat\IMLib\AndroidManifest.xml:49:13-52:29
57                <action android:name="io.rong.push.intent.action.HEART_BEAT" />
57-->MyChat\IMLib\AndroidManifest.xml:50:17-80
57-->MyChat\IMLib\AndroidManifest.xml:50:25-77
58                <action android:name="android.net.conn.CONNECTIVITY_CHANGE" />
58-->MyChat\IMLib\AndroidManifest.xml:51:17-79
58-->MyChat\IMLib\AndroidManifest.xml:51:25-76
59            </intent-filter>
60
61            <!-- 部分用户事件监听, 用来提高推送拉活率; 可移除 -->
62            <intent-filter>
62-->MyChat\IMLib\AndroidManifest.xml:55:13-59:29
63                <action android:name="android.intent.action.USER_PRESENT" />
63-->MyChat\IMLib\AndroidManifest.xml:56:17-77
63-->MyChat\IMLib\AndroidManifest.xml:56:25-74
64                <action android:name="android.intent.action.ACTION_POWER_CONNECTED" />
64-->MyChat\IMLib\AndroidManifest.xml:57:17-87
64-->MyChat\IMLib\AndroidManifest.xml:57:25-84
65                <action android:name="android.intent.action.ACTION_POWER_DISCONNECTED" />
65-->MyChat\IMLib\AndroidManifest.xml:58:17-90
65-->MyChat\IMLib\AndroidManifest.xml:58:25-87
66            </intent-filter>
67        </receiver>
68
69        <!-- 必选： SDK 核心功能 -->
70
71
72        <!-- end -->
73    </application>
74
75</manifest>